/zhome/82/4/212615/.lsbatch/1732381933.23245970.shell: line 1: syntax error near unexpected token `newline'
/zhome/82/4/212615/.lsbatch/1732381933.23245970.shell: line 1: `bsub> '

------------------------------------------------------------
Sender: LSF System <lsfadmin@hpc.dtu.dk>
Subject: Job 23245970: <NONAME> in cluster <dcc> Exited

Job <NONAME> was submitted from host <n-62-12-19> by user <s242168> in cluster <dcc> at Sat Nov 23 18:12:13 2024
Job was executed on host(s) <n-62-31-5>, in queue <hpc>, as user <s242168> in cluster <dcc> at Sat Nov 23 18:12:14 2024
</zhome/82/4/212615> was used as the home directory.
</zhome/82/4/212615/deep-learning-project> was used as the working directory.
Started at Sat Nov 23 18:12:14 2024
Terminated at Sat Nov 23 18:12:14 2024
Results reported at Sat Nov 23 18:12:14 2024

Your job looked like:

------------------------------------------------------------
# LSBATCH: User input
bsub> 
------------------------------------------------------------

Exited with exit code 2.

Resource usage summary:

    CPU time :                                   0.47 sec.
    Max Memory :                                 -
    Average Memory :                             -
    Total Requested Memory :                     1024.00 MB
    Delta Memory :                               -
    Max Swap :                                   -
    Max Processes :                              -
    Max Threads :                                -
    Run time :                                   9 sec.
    Turnaround time :                            1 sec.

The output (if any) is above this job summary.

